<?xml version="1.0" encoding="UTF-8"?><testsuite errors="0" failures="0" name="tests.GetUserDetailsTests" skipped="0" tests="4" time="9.21" timestamp="2020-08-09T20:42:50.247+01:00[Europe/London]"><testcase classname="tests.GetUserDetailsTests" name="Verify that we can find correct user by using city"/><testcase classname="tests.GetUserDetailsTests" name="Verify total number of users"/><testcase classname="tests.GetUserDetailsTests" name="Verify that we can find correct user by using id"/><testcase classname="tests.GetUserDetailsTests" name="Check non existing id"/></testsuite>